<?xml version="1.0" encoding="UTF-8"?>
<testng-results ignored="0" total="1" passed="1" failed="0" skipped="0">
  <reporter-output>
  </reporter-output>
  <suite started-at="2022-08-03T22:52:00 IST" name="Default suite" finished-at="2022-08-03T22:52:02 IST" duration-ms="1698">
    <groups>
    </groups>
    <test started-at="2022-08-03T22:52:00 IST" name="Default test" finished-at="2022-08-03T22:52:02 IST" duration-ms="1698">
      <class name="Library.DynamicJSON$NewTest">
        <test-method signature="addBook()[pri:0, instance:Library.DynamicJSON$NewTest@71238fc2]" started-at="2022-08-03T22:52:00 IST" name="addBook" finished-at="2022-08-03T22:52:02 IST" duration-ms="1673" status="PASS">
          <reporter-output>
          </reporter-output>
        </test-method> <!-- addBook -->
      </class> <!-- Library.DynamicJSON$NewTest -->
    </test> <!-- Default test -->
  </suite> <!-- Default suite -->
</testng-results>
